<?xml version="1.0" encoding="UTF-8"?>
<testng-results ignored="0" total="1" passed="1" failed="0" skipped="0">
  <reporter-output>
  </reporter-output>
  <suite started-at="2022-02-13T14:04:52Z" name="Suite" finished-at="2022-02-13T14:05:05Z" duration-ms="13174">
    <groups>
    </groups>
    <test started-at="2022-02-13T14:04:52Z" name="Test1" finished-at="2022-02-13T14:05:05Z" duration-ms="13174">
      <class name="com.qa.testcases.Test1">
        <test-method is-config="true" signature="setUp()[pri:0, instance:com.qa.testcases.Test1@7d3e8655]" started-at="2022-02-13T19:34:52Z" name="setUp" finished-at="2022-02-13T19:34:57Z" duration-ms="5366" status="PASS">
          <reporter-output>
          </reporter-output>
        </test-method> <!-- setUp -->
        <test-method signature="Draw_a_horizontal_and_vertical_line_which_intercepts()[pri:0, instance:com.qa.testcases.Test1@7d3e8655]" started-at="2022-02-13T19:34:57Z" name="Draw_a_horizontal_and_vertical_line_which_intercepts" finished-at="2022-02-13T19:35:04Z" duration-ms="6585" status="PASS">
          <reporter-output>
          </reporter-output>
        </test-method> <!-- Draw_a_horizontal_and_vertical_line_which_intercepts -->
        <test-method is-config="true" signature="tearDown()[pri:0, instance:com.qa.testcases.Test1@7d3e8655]" started-at="2022-02-13T19:35:04Z" name="tearDown" finished-at="2022-02-13T19:35:05Z" duration-ms="977" status="PASS">
          <reporter-output>
          </reporter-output>
        </test-method> <!-- tearDown -->
      </class> <!-- com.qa.testcases.Test1 -->
    </test> <!-- Test1 -->
  </suite> <!-- Suite -->
</testng-results>
