<?xml version="1.0" encoding="UTF-8"?>
<testng-results ignored="0" total="1" passed="1" failed="0" skipped="0">
  <reporter-output>
  </reporter-output>
  <suite started-at="2022-02-13T14:04:06Z" name="Suite" finished-at="2022-02-13T14:04:20Z" duration-ms="14087">
    <groups>
    </groups>
    <test started-at="2022-02-13T14:04:06Z" name="Test1" finished-at="2022-02-13T14:04:20Z" duration-ms="14087">
      <class name="com.qa.testcases.Test1">
        <test-method is-config="true" signature="setUp()[pri:0, instance:com.qa.testcases.Test1@4ef782af]" started-at="2022-02-13T19:34:07Z" name="setUp" finished-at="2022-02-13T19:34:12Z" duration-ms="5549" status="PASS">
          <reporter-output>
          </reporter-output>
        </test-method> <!-- setUp -->
        <test-method signature="Draw_a_horizontal_and_vertical_line_which_intercepts()[pri:0, instance:com.qa.testcases.Test1@4ef782af]" started-at="2022-02-13T19:34:12Z" name="Draw_a_horizontal_and_vertical_line_which_intercepts" finished-at="2022-02-13T19:34:19Z" duration-ms="6768" status="PASS">
          <reporter-output>
          </reporter-output>
        </test-method> <!-- Draw_a_horizontal_and_vertical_line_which_intercepts -->
        <test-method is-config="true" signature="tearDown()[pri:0, instance:com.qa.testcases.Test1@4ef782af]" started-at="2022-02-13T19:34:19Z" name="tearDown" finished-at="2022-02-13T19:34:20Z" duration-ms="851" status="PASS">
          <reporter-output>
          </reporter-output>
        </test-method> <!-- tearDown -->
      </class> <!-- com.qa.testcases.Test1 -->
    </test> <!-- Test1 -->
  </suite> <!-- Suite -->
</testng-results>
